<?xml version="1.0" encoding="UTF-8" ?>
<testsuite errors="0" failures="0" hostname="Macintosh-7.local" name="functional.hellotwu.HelloMessageJourneyTest" tests="1" time="9.956" timestamp="2014-03-05T10:24:48">
  <properties>
[...]
</properties>
  <testcase classname="functional.hellotwu.HelloMessageJourneyTest" name="shouldDisplayHelloTWUMessage" time="9.778" />
  <system-out><![CDATA[15:54:56,367 DEBUG [org.apache.http.impl.conn.tsccm.ThreadSafeClientConnManager] Get connection: {}->http://127.0.0.1:7055, timeout = 120000
15:54:56,369 DEBUG [org.apache.http.impl.conn.tsccm.ConnPoolByRoute] [{}->http://127.0.0.1:7055] total kept alive: 0, total issued: 0, total allocated: 0 out of 2000
15:54:56,369 DEBUG [org.apache.http.impl.conn.tsccm.ConnPoolByRoute] No free connections [{}->http://127.0.0.1:7055][null]
15:54:56,369 DEBUG [org.apache.http.impl.conn.tsccm.ConnPoolByRoute] Available capacity: 2000 out of 2000 [{}->http://127.0.0.1:7055][null]
15:54:56,369 DEBUG [org.apache.http.impl.conn.tsccm.ConnPoolByRoute] Creating new connection [{}->http://127.0.0.1:7055]
15:54:56,388 DEBUG [org.apache.http.impl.conn.DefaultClientConnectionOperator] Connecting to 127.0.0.1:7055
15:54:56,422 DEBUG [org.apache.http.client.protocol.RequestAddCookies] CookieSpec selected: best-match
15:54:56,434 DEBUG [org.apache.http.client.protocol.RequestAuthCache] Auth cache not set in the context
15:54:56,434 DEBUG [org.apache.http.client.protocol.RequestTargetAuthentication] Target auth state: UNCHALLENGED
15:54:56,435 DEBUG [org.apache.http.client.protocol.RequestProxyAuthentication] Proxy auth state: UNCHALLENGED
15:54:56,435 DEBUG [org.apache.http.impl.client.DefaultHttpClient] Attempt 1 to execute request
15:54:56,435 DEBUG [org.apache.http.impl.conn.DefaultClientConnection] Sending request: POST /hub/session HTTP/1.1
15:54:56,436 DEBUG [org.apache.http.wire] >> "POST /hub/session HTTP/1.1[\r][\n]"
15:54:56,437 DEBUG [org.apache.http.wire] >> "Accept: application/json, image/png[\r][\n]"
15:54:56,437 DEBUG [org.apache.http.wire] >> "Content-Type: application/json; charset=utf-8[\r][\n]"
15:54:56,438 DEBUG [org.apache.http.wire] >> "Content-Length: 105[\r][\n]"
15:54:56,438 DEBUG [org.apache.http.wire] >> "Host: 127.0.0.1:7055[\r][\n]"
15:54:56,438 DEBUG [org.apache.http.wire] >> "Connection: Keep-Alive[\r][\n]"
15:54:56,438 DEBUG [org.apache.http.wire] >> "[\r][\n]"
15:54:56,438 DEBUG [org.apache.http.headers] >> POST /hub/session HTTP/1.1
15:54:56,438 DEBUG [org.apache.http.headers] >> Accept: application/json, image/png
15:54:56,438 DEBUG [org.apache.http.headers] >> Content-Type: application/json; charset=utf-8
15:54:56,438 DEBUG [org.apache.http.headers] >> Content-Length: 105
15:54:56,438 DEBUG [org.apache.http.headers] >> Host: 127.0.0.1:7055
15:54:56,438 DEBUG [org.apache.http.headers] >> Connection: Keep-Alive
15:54:56,438 DEBUG [org.apache.http.wire] >> "{"desiredCapabilities":{"platform":"ANY","browserName":"firefox","version":""},"requiredCapabilities":{}}"
15:54:57,710 DEBUG [org.apache.http.wire] << "HTTP/1.1 303 See Other[\r][\n]"
15:54:57,713 DEBUG [org.apache.http.wire] << "location: http://127.0.0.1:7055/hub/session/540077f6-cee7-074a-970d-24af226b1311[\r][\n]"
15:54:57,713 DEBUG [org.apache.http.wire] << "connection: close[\r][\n]"
15:54:57,713 DEBUG [org.apache.http.wire] << "content-length: 0[\r][\n]"
15:54:57,713 DEBUG [org.apache.http.wire] << "server: httpd.js[\r][\n]"
15:54:57,713 DEBUG [org.apache.http.wire] << "date: Wed, 05 Mar 2014 10:24:57 GMT[\r][\n]"
15:54:57,713 DEBUG [org.apache.http.wire] << "[\r][\n]"
15:54:57,714 DEBUG [org.apache.http.impl.conn.DefaultClientConnection] Receiving response: HTTP/1.1 303 See Other
15:54:57,714 DEBUG [org.apache.http.headers] << HTTP/1.1 303 See Other
15:54:57,714 DEBUG [org.apache.http.headers] << location: http://127.0.0.1:7055/hub/session/540077f6-cee7-074a-970d-24af226b1311
15:54:57,714 DEBUG [org.apache.http.headers] << connection: close
15:54:57,714 DEBUG [org.apache.http.headers] << content-length: 0
15:54:57,714 DEBUG [org.apache.http.headers] << server: httpd.js
15:54:57,714 DEBUG [org.apache.http.headers] << date: Wed, 05 Mar 2014 10:24:57 GMT
15:54:57,716 DEBUG [org.apache.http.impl.client.DefaultRedirectStrategy] Redirect requested to location 'http://127.0.0.1:7055/hub/session/540077f6-cee7-074a-970d-24af226b1311'
15:54:57,717 DEBUG [org.apache.http.impl.client.DefaultHttpClient] Redirecting to 'http://127.0.0.1:7055/hub/session/540077f6-cee7-074a-970d-24af226b1311' via {}->http://127.0.0.1:7055
15:54:57,718 DEBUG [org.apache.http.impl.conn.DefaultClientConnection] Connection 0.0.0.0:57294<->127.0.0.1:7055 closed
15:54:57,718 DEBUG [org.apache.http.impl.conn.DefaultClientConnectionOperator] Connecting to 127.0.0.1:7055
15:54:57,718 DEBUG [org.apache.http.client.protocol.RequestAddCookies] CookieSpec selected: best-match
15:54:57,719 DEBUG [org.apache.http.client.protocol.RequestAuthCache] Auth cache not set in the context
15:54:57,719 DEBUG [org.apache.http.client.protocol.RequestTargetAuthentication] Target auth state: UNCHALLENGED
15:54:57,719 DEBUG [org.apache.http.client.protocol.RequestProxyAuthentication] Proxy auth state: UNCHALLENGED
15:54:57,719 DEBUG [org.apache.http.impl.client.DefaultHttpClient] Attempt 2 to execute request
15:54:57,719 DEBUG [org.apache.http.impl.conn.DefaultClientConnection] Sending request: GET /hub/session/540077f6-cee7-074a-970d-24af226b1311 HTTP/1.1
15:54:57,719 DEBUG [org.apache.http.wire] >> "GET /hub/session/540077f6-cee7-074a-970d-24af226b1311 HTTP/1.1[\r][\n]"
15:54:57,719 DEBUG [org.apache.http.wire] >> "Accept: application/json, image/png[\r][\n]"
15:54:57,719 DEBUG [org.apache.http.wire] >> "Content-Type: application/json; charset=utf-8[\r][\n]"
15:54:57,719 DEBUG [org.apache.http.wire] >> "Host: 127.0.0.1:7055[\r][\n]"
15:54:57,719 DEBUG [org.apache.http.wire] >> "Connection: Keep-Alive[\r][\n]"
15:54:57,719 DEBUG [org.apache.http.wire] >> "[\r][\n]"
15:54:57,719 DEBUG [org.apache.http.headers] >> GET /hub/session/540077f6-cee7-074a-970d-24af226b1311 HTTP/1.1
15:54:57,719 DEBUG [org.apache.http.headers] >> Accept: application/json, image/png
15:54:57,719 DEBUG [org.apache.http.headers] >> Content-Type: application/json; charset=utf-8
15:54:57,719 DEBUG [org.apache.http.headers] >> Host: 127.0.0.1:7055
15:54:57,720 DEBUG [org.apache.http.headers] >> Connection: Keep-Alive
15:54:57,723 DEBUG [org.apache.http.wire] << "HTTP/1.1 200 OK[\r][\n]"
15:54:57,723 DEBUG [org.apache.http.wire] << "content-type: application/json; charset=UTF-8[\r][\n]"
15:54:57,723 DEBUG [org.apache.http.wire] << "connection: close[\r][\n]"
15:54:57,723 DEBUG [org.apache.http.wire] << "content-length: 466[\r][\n]"
15:54:57,723 DEBUG [org.apache.http.wire] << "server: httpd.js[\r][\n]"
15:54:57,723 DEBUG [org.apache.http.wire] << "date: Wed, 05 Mar 2014 10:24:57 GMT[\r][\n]"
15:54:57,723 DEBUG [org.apache.http.wire] << "[\r][\n]"
15:54:57,723 DEBUG [org.apache.http.impl.conn.DefaultClientConnection] Receiving response: HTTP/1.1 200 OK
15:54:57,723 DEBUG [org.apache.http.headers] << HTTP/1.1 200 OK
15:54:57,723 DEBUG [org.apache.http.headers] << content-type: application/json; charset=UTF-8
15:54:57,723 DEBUG [org.apache.http.headers] << connection: close
15:54:57,723 DEBUG [org.apache.http.headers] << content-length: 466
15:54:57,723 DEBUG [org.apache.http.headers] << server: httpd.js
15:54:57,724 DEBUG [org.apache.http.headers] << date: Wed, 05 Mar 2014 10:24:57 GMT
15:54:57,728 DEBUG [org.apache.http.wire] << "{"name":"getSessionCapabilities","sessionId":"540077f6-cee7-074a-970d-24af226b1311","status":0,"value":{"cssSelectorsEnabled":true,"browserName":"firefox","handlesAlerts":true,"javascriptEnabled":true,"nativeEvents":false,"platform":"Darwin","rotatable":false,"takesScreenshot":true,"version":"24.3.0","webStorageEnabled":true,"applicationCacheEnabled":true,"databaseEnabled":true,"locationContextEnabled":true,"browserConnectionEnabled":true,"acceptSslCerts":true}}"
15:54:57,728 DEBUG [org.apache.http.impl.conn.DefaultClientConnection] Connection 0.0.0.0:57295<->127.0.0.1:7055 shut down
15:54:57,728 DEBUG [org.apache.http.impl.conn.tsccm.ThreadSafeClientConnManager] Released connection is not reusable.
15:54:57,728 DEBUG [org.apache.http.impl.conn.tsccm.ConnPoolByRoute] Releasing connection [{}->http://127.0.0.1:7055][null]
15:54:57,728 DEBUG [org.apache.http.impl.conn.DefaultClientConnection] Connection 0.0.0.0:57295<->127.0.0.1:7055 closed
15:54:57,728 DEBUG [org.apache.http.impl.conn.tsccm.ConnPoolByRoute] Notifying no-one, there are no waiting threads
15:54:57,741 DEBUG [org.apache.http.impl.conn.tsccm.ThreadSafeClientConnManager] Get connection: {}->http://127.0.0.1:7055, timeout = 120000
15:54:57,741 DEBUG [org.apache.http.impl.conn.tsccm.ConnPoolByRoute] [{}->http://127.0.0.1:7055] total kept alive: 0, total issued: 0, total allocated: 0 out of 2000
15:54:57,741 DEBUG [org.apache.http.impl.conn.tsccm.ConnPoolByRoute] No free connections [{}->http://127.0.0.1:7055][null]
15:54:57,741 DEBUG [org.apache.http.impl.conn.tsccm.ConnPoolByRoute] Available capacity: 2000 out of 2000 [{}->http://127.0.0.1:7055][null]
15:54:57,741 DEBUG [org.apache.http.impl.conn.tsccm.ConnPoolByRoute] Creating new connection [{}->http://127.0.0.1:7055]
15:54:57,741 DEBUG [org.apache.http.impl.conn.DefaultClientConnectionOperator] Connecting to 127.0.0.1:7055
15:54:57,742 DEBUG [org.apache.http.client.protocol.RequestAddCookies] CookieSpec selected: best-match
15:54:57,742 DEBUG [org.apache.http.client.protocol.RequestAuthCache] Auth cache not set in the context
15:54:57,742 DEBUG [org.apache.http.client.protocol.RequestTargetAuthentication] Target auth state: UNCHALLENGED
15:54:57,742 DEBUG [org.apache.http.client.protocol.RequestProxyAuthentication] Proxy auth state: UNCHALLENGED
15:54:57,742 DEBUG [org.apache.http.impl.client.DefaultHttpClient] Attempt 1 to execute request
15:54:57,742 DEBUG [org.apache.http.impl.conn.DefaultClientConnection] Sending request: POST /hub/session/540077f6-cee7-074a-970d-24af226b1311/url HTTP/1.1
15:54:57,742 DEBUG [org.apache.http.wire] >> "POST /hub/session/540077f6-cee7-074a-970d-24af226b1311/url HTTP/1.1[\r][\n]"
15:54:57,742 DEBUG [org.apache.http.wire] >> "Accept: application/json, image/png[\r][\n]"
15:54:57,742 DEBUG [org.apache.http.wire] >> "Content-Type: application/json; charset=utf-8[\r][\n]"
15:54:57,742 DEBUG [org.apache.http.wire] >> "Content-Length: 32[\r][\n]"
15:54:57,742 DEBUG [org.apache.http.wire] >> "Host: 127.0.0.1:7055[\r][\n]"
15:54:57,742 DEBUG [org.apache.http.wire] >> "Connection: Keep-Alive[\r][\n]"
15:54:57,742 DEBUG [org.apache.http.wire] >> "[\r][\n]"
15:54:57,743 DEBUG [org.apache.http.headers] >> POST /hub/session/540077f6-cee7-074a-970d-24af226b1311/url HTTP/1.1
15:54:57,743 DEBUG [org.apache.http.headers] >> Accept: application/json, image/png
15:54:57,743 DEBUG [org.apache.http.headers] >> Content-Type: application/json; charset=utf-8
15:54:57,743 DEBUG [org.apache.http.headers] >> Content-Length: 32
15:54:57,743 DEBUG [org.apache.http.headers] >> Host: 127.0.0.1:7055
15:54:57,743 DEBUG [org.apache.http.headers] >> Connection: Keep-Alive
15:54:57,743 DEBUG [org.apache.http.wire] >> "{"url":"http://localhost:8080/"}"
15:54:58,041 DEBUG [org.apache.http.wire] << "HTTP/1.1 200 OK[\r][\n]"
15:54:58,041 DEBUG [org.apache.http.wire] << "content-type: application/json; charset=UTF-8[\r][\n]"
15:54:58,041 DEBUG [org.apache.http.wire] << "connection: close[\r][\n]"
15:54:58,041 DEBUG [org.apache.http.wire] << "content-length: 87[\r][\n]"
15:54:58,041 DEBUG [org.apache.http.wire] << "server: httpd.js[\r][\n]"
15:54:58,041 DEBUG [org.apache.http.wire] << "date: Wed, 05 Mar 2014 10:24:57 GMT[\r][\n]"
15:54:58,041 DEBUG [org.apache.http.wire] << "[\r][\n]"
15:54:58,041 DEBUG [org.apache.http.impl.conn.DefaultClientConnection] Receiving response: HTTP/1.1 200 OK
15:54:58,041 DEBUG [org.apache.http.headers] << HTTP/1.1 200 OK
15:54:58,041 DEBUG [org.apache.http.headers] << content-type: application/json; charset=UTF-8
15:54:58,042 DEBUG [org.apache.http.headers] << connection: close
15:54:58,042 DEBUG [org.apache.http.headers] << content-length: 87
15:54:58,042 DEBUG [org.apache.http.headers] << server: httpd.js
15:54:58,042 DEBUG [org.apache.http.headers] << date: Wed, 05 Mar 2014 10:24:57 GMT
15:54:58,042 DEBUG [org.apache.http.wire] << "{"name":"get","sessionId":"540077f6-cee7-074a-970d-24af226b1311","status":0,"value":""}"
15:54:58,042 DEBUG [org.apache.http.impl.conn.DefaultClientConnection] Connection 0.0.0.0:57296<->127.0.0.1:7055 shut down
15:54:58,042 DEBUG [org.apache.http.impl.conn.tsccm.ThreadSafeClientConnManager] Released connection is not reusable.
15:54:58,042 DEBUG [org.apache.http.impl.conn.tsccm.ConnPoolByRoute] Releasing connection [{}->http://127.0.0.1:7055][null]
15:54:58,042 DEBUG [org.apache.http.impl.conn.DefaultClientConnection] Connection 0.0.0.0:57296<->127.0.0.1:7055 closed
15:54:58,042 DEBUG [org.apache.http.impl.conn.tsccm.ConnPoolByRoute] Notifying no-one, there are no waiting threads
15:54:58,047 DEBUG [org.apache.http.impl.conn.tsccm.ThreadSafeClientConnManager] Get connection: {}->http://127.0.0.1:7055, timeout = 120000
15:54:58,047 DEBUG [org.apache.http.impl.conn.tsccm.ConnPoolByRoute] [{}->http://127.0.0.1:7055] total kept alive: 0, total issued: 0, total allocated: 0 out of 2000
15:54:58,047 DEBUG [org.apache.http.impl.conn.tsccm.ConnPoolByRoute] No free connections [{}->http://127.0.0.1:7055][null]
15:54:58,047 DEBUG [org.apache.http.impl.conn.tsccm.ConnPoolByRoute] Available capacity: 2000 out of 2000 [{}->http://127.0.0.1:7055][null]
15:54:58,047 DEBUG [org.apache.http.impl.conn.tsccm.ConnPoolByRoute] Creating new connection [{}->http://127.0.0.1:7055]
15:54:58,047 DEBUG [org.apache.http.impl.conn.DefaultClientConnectionOperator] Connecting to 127.0.0.1:7055
15:54:58,047 DEBUG [org.apache.http.client.protocol.RequestAddCookies] CookieSpec selected: best-match
15:54:58,048 DEBUG [org.apache.http.client.protocol.RequestAuthCache] Auth cache not set in the context
15:54:58,048 DEBUG [org.apache.http.client.protocol.RequestTargetAuthentication] Target auth state: UNCHALLENGED
15:54:58,048 DEBUG [org.apache.http.client.protocol.RequestProxyAuthentication] Proxy auth state: UNCHALLENGED
15:54:58,048 DEBUG [org.apache.http.impl.client.DefaultHttpClient] Attempt 1 to execute request
15:54:58,048 DEBUG [org.apache.http.impl.conn.DefaultClientConnection] Sending request: POST /hub/session/540077f6-cee7-074a-970d-24af226b1311/element HTTP/1.1
15:54:58,048 DEBUG [org.apache.http.wire] >> "POST /hub/session/540077f6-cee7-074a-970d-24af226b1311/element HTTP/1.1[\r][\n]"
15:54:58,048 DEBUG [org.apache.http.wire] >> "Accept: application/json, image/png[\r][\n]"
15:54:58,048 DEBUG [org.apache.http.wire] >> "Content-Type: application/json; charset=utf-8[\r][\n]"
15:54:58,048 DEBUG [org.apache.http.wire] >> "Content-Length: 33[\r][\n]"
15:54:58,048 DEBUG [org.apache.http.wire] >> "Host: 127.0.0.1:7055[\r][\n]"
15:54:58,048 DEBUG [org.apache.http.wire] >> "Connection: Keep-Alive[\r][\n]"
15:54:58,048 DEBUG [org.apache.http.wire] >> "[\r][\n]"
15:54:58,048 DEBUG [org.apache.http.headers] >> POST /hub/session/540077f6-cee7-074a-970d-24af226b1311/element HTTP/1.1
15:54:58,048 DEBUG [org.apache.http.headers] >> Accept: application/json, image/png
15:54:58,048 DEBUG [org.apache.http.headers] >> Content-Type: application/json; charset=utf-8
15:54:58,048 DEBUG [org.apache.http.headers] >> Content-Length: 33
15:54:58,048 DEBUG [org.apache.http.headers] >> Host: 127.0.0.1:7055
15:54:58,048 DEBUG [org.apache.http.headers] >> Connection: Keep-Alive
15:54:58,048 DEBUG [org.apache.http.wire] >> "{"using":"tag name","value":"h1"}"
15:54:58,129 DEBUG [org.apache.http.wire] << "HTTP/1.1 200 OK[\r][\n]"
15:54:58,129 DEBUG [org.apache.http.wire] << "content-type: application/json; charset=UTF-8[\r][\n]"
15:54:58,129 DEBUG [org.apache.http.wire] << "connection: close[\r][\n]"
15:54:58,129 DEBUG [org.apache.http.wire] << "content-length: 145[\r][\n]"
15:54:58,129 DEBUG [org.apache.http.wire] << "server: httpd.js[\r][\n]"
15:54:58,129 DEBUG [org.apache.http.wire] << "date: Wed, 05 Mar 2014 10:24:58 GMT[\r][\n]"
15:54:58,129 DEBUG [org.apache.http.wire] << "[\r][\n]"
15:54:58,129 DEBUG [org.apache.http.impl.conn.DefaultClientConnection] Receiving response: HTTP/1.1 200 OK
15:54:58,129 DEBUG [org.apache.http.headers] << HTTP/1.1 200 OK
15:54:58,129 DEBUG [org.apache.http.headers] << content-type: application/json; charset=UTF-8
15:54:58,129 DEBUG [org.apache.http.headers] << connection: close
15:54:58,129 DEBUG [org.apache.http.headers] << content-length: 145
15:54:58,129 DEBUG [org.apache.http.headers] << server: httpd.js
15:54:58,129 DEBUG [org.apache.http.headers] << date: Wed, 05 Mar 2014 10:24:58 GMT
15:54:58,129 DEBUG [org.apache.http.wire] << "{"name":"findElement","sessionId":"540077f6-cee7-074a-970d-24af226b1311","status":0,"value":{"ELEMENT":"{a4c5cc3d-de4a-1144-a96c-1d6c4e69fae4}"}}"
15:54:58,129 DEBUG [org.apache.http.impl.conn.DefaultClientConnection] Connection 0.0.0.0:57299<->127.0.0.1:7055 shut down
15:54:58,129 DEBUG [org.apache.http.impl.conn.tsccm.ThreadSafeClientConnManager] Released connection is not reusable.
15:54:58,129 DEBUG [org.apache.http.impl.conn.tsccm.ConnPoolByRoute] Releasing connection [{}->http://127.0.0.1:7055][null]
15:54:58,130 DEBUG [org.apache.http.impl.conn.DefaultClientConnection] Connection 0.0.0.0:57299<->127.0.0.1:7055 closed
15:54:58,130 DEBUG [org.apache.http.impl.conn.tsccm.ConnPoolByRoute] Notifying no-one, there are no waiting threads
15:54:58,137 DEBUG [org.apache.http.impl.conn.tsccm.ThreadSafeClientConnManager] Get connection: {}->http://127.0.0.1:7055, timeout = 120000
15:54:58,137 DEBUG [org.apache.http.impl.conn.tsccm.ConnPoolByRoute] [{}->http://127.0.0.1:7055] total kept alive: 0, total issued: 0, total allocated: 0 out of 2000
15:54:58,137 DEBUG [org.apache.http.impl.conn.tsccm.ConnPoolByRoute] No free connections [{}->http://127.0.0.1:7055][null]
15:54:58,137 DEBUG [org.apache.http.impl.conn.tsccm.ConnPoolByRoute] Available capacity: 2000 out of 2000 [{}->http://127.0.0.1:7055][null]
15:54:58,137 DEBUG [org.apache.http.impl.conn.tsccm.ConnPoolByRoute] Creating new connection [{}->http://127.0.0.1:7055]
15:54:58,137 DEBUG [org.apache.http.impl.conn.DefaultClientConnectionOperator] Connecting to 127.0.0.1:7055
15:54:58,139 DEBUG [org.apache.http.client.protocol.RequestAddCookies] CookieSpec selected: best-match
15:54:58,139 DEBUG [org.apache.http.client.protocol.RequestAuthCache] Auth cache not set in the context
15:54:58,139 DEBUG [org.apache.http.client.protocol.RequestTargetAuthentication] Target auth state: UNCHALLENGED
15:54:58,139 DEBUG [org.apache.http.client.protocol.RequestProxyAuthentication] Proxy auth state: UNCHALLENGED
15:54:58,139 DEBUG [org.apache.http.impl.client.DefaultHttpClient] Attempt 1 to execute request
15:54:58,139 DEBUG [org.apache.http.impl.conn.DefaultClientConnection] Sending request: GET /hub/session/540077f6-cee7-074a-970d-24af226b1311/element/%7Ba4c5cc3d-de4a-1144-a96c-1d6c4e69fae4%7D/text HTTP/1.1
15:54:58,139 DEBUG [org.apache.http.wire] >> "GET /hub/session/540077f6-cee7-074a-970d-24af226b1311/element/%7Ba4c5cc3d-de4a-1144-a96c-1d6c4e69fae4%7D/text HTTP/1.1[\r][\n]"
15:54:58,139 DEBUG [org.apache.http.wire] >> "Accept: application/json, image/png[\r][\n]"
15:54:58,139 DEBUG [org.apache.http.wire] >> "Cache-Control: no-cache[\r][\n]"
15:54:58,139 DEBUG [org.apache.http.wire] >> "Host: 127.0.0.1:7055[\r][\n]"
15:54:58,139 DEBUG [org.apache.http.wire] >> "Connection: Keep-Alive[\r][\n]"
15:54:58,139 DEBUG [org.apache.http.wire] >> "[\r][\n]"
15:54:58,139 DEBUG [org.apache.http.headers] >> GET /hub/session/540077f6-cee7-074a-970d-24af226b1311/element/%7Ba4c5cc3d-de4a-1144-a96c-1d6c4e69fae4%7D/text HTTP/1.1
15:54:58,140 DEBUG [org.apache.http.headers] >> Accept: application/json, image/png
15:54:58,140 DEBUG [org.apache.http.headers] >> Cache-Control: no-cache
15:54:58,140 DEBUG [org.apache.http.headers] >> Host: 127.0.0.1:7055
15:54:58,140 DEBUG [org.apache.http.headers] >> Connection: Keep-Alive
15:54:58,146 DEBUG [org.apache.http.wire] << "HTTP/1.1 200 OK[\r][\n]"
15:54:58,147 DEBUG [org.apache.http.wire] << "content-type: application/json; charset=UTF-8[\r][\n]"
15:54:58,147 DEBUG [org.apache.http.wire] << "connection: close[\r][\n]"
15:54:58,147 DEBUG [org.apache.http.wire] << "content-length: 109[\r][\n]"
15:54:58,147 DEBUG [org.apache.http.wire] << "server: httpd.js[\r][\n]"
15:54:58,147 DEBUG [org.apache.http.wire] << "date: Wed, 05 Mar 2014 10:24:58 GMT[\r][\n]"
15:54:58,147 DEBUG [org.apache.http.wire] << "[\r][\n]"
15:54:58,147 DEBUG [org.apache.http.impl.conn.DefaultClientConnection] Receiving response: HTTP/1.1 200 OK
15:54:58,147 DEBUG [org.apache.http.headers] << HTTP/1.1 200 OK
15:54:58,147 DEBUG [org.apache.http.headers] << content-type: application/json; charset=UTF-8
15:54:58,147 DEBUG [org.apache.http.headers] << connection: close
15:54:58,147 DEBUG [org.apache.http.headers] << content-length: 109
15:54:58,147 DEBUG [org.apache.http.headers] << server: httpd.js
15:54:58,147 DEBUG [org.apache.http.headers] << date: Wed, 05 Mar 2014 10:24:58 GMT
15:54:58,148 DEBUG [org.apache.http.wire] << "{"name":"getElementText","sessionId":"540077f6-cee7-074a-970d-24af226b1311","status":0,"value":"Hello TWU!!"}"
15:54:58,148 DEBUG [org.apache.http.impl.conn.DefaultClientConnection] Connection 0.0.0.0:57300<->127.0.0.1:7055 shut down
15:54:58,148 DEBUG [org.apache.http.impl.conn.tsccm.ThreadSafeClientConnManager] Released connection is not reusable.
15:54:58,148 DEBUG [org.apache.http.impl.conn.tsccm.ConnPoolByRoute] Releasing connection [{}->http://127.0.0.1:7055][null]
15:54:58,148 DEBUG [org.apache.http.impl.conn.DefaultClientConnection] Connection 0.0.0.0:57300<->127.0.0.1:7055 closed
15:54:58,148 DEBUG [org.apache.http.impl.conn.tsccm.ConnPoolByRoute] Notifying no-one, there are no waiting threads
15:54:58,153 DEBUG [org.apache.http.impl.conn.tsccm.ThreadSafeClientConnManager] Get connection: {}->http://127.0.0.1:7055, timeout = 120000
15:54:58,153 DEBUG [org.apache.http.impl.conn.tsccm.ConnPoolByRoute] [{}->http://127.0.0.1:7055] total kept alive: 0, total issued: 0, total allocated: 0 out of 2000
15:54:58,153 DEBUG [org.apache.http.impl.conn.tsccm.ConnPoolByRoute] No free connections [{}->http://127.0.0.1:7055][null]
15:54:58,153 DEBUG [org.apache.http.impl.conn.tsccm.ConnPoolByRoute] Available capacity: 2000 out of 2000 [{}->http://127.0.0.1:7055][null]
15:54:58,153 DEBUG [org.apache.http.impl.conn.tsccm.ConnPoolByRoute] Creating new connection [{}->http://127.0.0.1:7055]
15:54:58,154 DEBUG [org.apache.http.impl.conn.DefaultClientConnectionOperator] Connecting to 127.0.0.1:7055
15:54:58,154 DEBUG [org.apache.http.client.protocol.RequestAddCookies] CookieSpec selected: best-match
15:54:58,154 DEBUG [org.apache.http.client.protocol.RequestAuthCache] Auth cache not set in the context
15:54:58,154 DEBUG [org.apache.http.client.protocol.RequestTargetAuthentication] Target auth state: UNCHALLENGED
15:54:58,154 DEBUG [org.apache.http.client.protocol.RequestProxyAuthentication] Proxy auth state: UNCHALLENGED
15:54:58,154 DEBUG [org.apache.http.impl.client.DefaultHttpClient] Attempt 1 to execute request
15:54:58,154 DEBUG [org.apache.http.impl.conn.DefaultClientConnection] Sending request: DELETE /hub/session/540077f6-cee7-074a-970d-24af226b1311 HTTP/1.1
15:54:58,154 DEBUG [org.apache.http.wire] >> "DELETE /hub/session/540077f6-cee7-074a-970d-24af226b1311 HTTP/1.1[\r][\n]"
15:54:58,154 DEBUG [org.apache.http.wire] >> "Accept: application/json, image/png[\r][\n]"
15:54:58,154 DEBUG [org.apache.http.wire] >> "Host: 127.0.0.1:7055[\r][\n]"
15:54:58,155 DEBUG [org.apache.http.wire] >> "Connection: Keep-Alive[\r][\n]"
15:54:58,155 DEBUG [org.apache.http.wire] >> "[\r][\n]"
15:54:58,155 DEBUG [org.apache.http.headers] >> DELETE /hub/session/540077f6-cee7-074a-970d-24af226b1311 HTTP/1.1
15:54:58,155 DEBUG [org.apache.http.headers] >> Accept: application/json, image/png
15:54:58,155 DEBUG [org.apache.http.headers] >> Host: 127.0.0.1:7055
15:54:58,155 DEBUG [org.apache.http.headers] >> Connection: Keep-Alive
15:54:58,157 DEBUG [org.apache.http.wire] << "HTTP/1.1 200 OK[\r][\n]"
15:54:58,157 DEBUG [org.apache.http.wire] << "content-type: application/json; charset=UTF-8[\r][\n]"
15:54:58,157 DEBUG [org.apache.http.wire] << "connection: close[\r][\n]"
15:54:58,157 DEBUG [org.apache.http.wire] << "content-length: 88[\r][\n]"
15:54:58,157 DEBUG [org.apache.http.wire] << "server: httpd.js[\r][\n]"
15:54:58,157 DEBUG [org.apache.http.wire] << "date: Wed, 05 Mar 2014 10:24:58 GMT[\r][\n]"
15:54:58,157 DEBUG [org.apache.http.wire] << "[\r][\n]"
15:54:58,157 DEBUG [org.apache.http.impl.conn.DefaultClientConnection] Receiving response: HTTP/1.1 200 OK
15:54:58,157 DEBUG [org.apache.http.headers] << HTTP/1.1 200 OK
15:54:58,157 DEBUG [org.apache.http.headers] << content-type: application/json; charset=UTF-8
15:54:58,157 DEBUG [org.apache.http.headers] << connection: close
15:54:58,157 DEBUG [org.apache.http.headers] << content-length: 88
15:54:58,157 DEBUG [org.apache.http.headers] << server: httpd.js
15:54:58,157 DEBUG [org.apache.http.headers] << date: Wed, 05 Mar 2014 10:24:58 GMT
15:54:58,158 DEBUG [org.apache.http.wire] << "{"name":"quit","sessionId":"540077f6-cee7-074a-970d-24af226b1311","status":0,"value":""}"
15:54:58,158 DEBUG [org.apache.http.impl.conn.DefaultClientConnection] Connection 0.0.0.0:57301<->127.0.0.1:7055 shut down
15:54:58,158 DEBUG [org.apache.http.impl.conn.tsccm.ThreadSafeClientConnManager] Released connection is not reusable.
15:54:58,158 DEBUG [org.apache.http.impl.conn.tsccm.ConnPoolByRoute] Releasing connection [{}->http://127.0.0.1:7055][null]
15:54:58,158 DEBUG [org.apache.http.impl.conn.DefaultClientConnection] Connection 0.0.0.0:57301<->127.0.0.1:7055 closed
15:54:58,158 DEBUG [org.apache.http.impl.conn.tsccm.ConnPoolByRoute] Notifying no-one, there are no waiting threads
]]></system-out>
  <system-err><![CDATA[]]></system-err>
</testsuite>
